[debug] [2023-01-23T12:04:09.828Z] ----------------------------------------------------------------------
[debug] [2023-01-23T12:04:09.834Z] Command:       C:\Program Files\nodejs\node.exe C:\Users\nikos\AppData\Roaming\npm\node_modules\firebase-tools\lib\bin\firebase.js init hosting:github
[debug] [2023-01-23T12:04:09.835Z] CLI Version:   11.21.0
[debug] [2023-01-23T12:04:09.836Z] Platform:      win32
[debug] [2023-01-23T12:04:09.836Z] Node Version:  v19.0.0
[debug] [2023-01-23T12:04:09.837Z] Time:          Mon Jan 23 2023 14:04:09 GMT+0200 (Χειμερινή ώρα Ανατολικής Ευρώπης)
[debug] [2023-01-23T12:04:09.837Z] ----------------------------------------------------------------------
[debug] 
[debug] [2023-01-23T12:04:09.993Z] > command requires scopes: ["email","openid","https://www.googleapis.com/auth/cloudplatformprojects.readonly","https://www.googleapis.com/auth/firebase","https://www.googleapis.com/auth/cloud-platform"]
[debug] [2023-01-23T12:04:09.995Z] > authorizing via signed-in user (nikos.nikolov@mtel.gr)
[info] 
     ######## #### ########  ######## ########     ###     ######  ########
     ##        ##  ##     ## ##       ##     ##  ##   ##  ##       ##
     ######    ##  ########  ######   ########  #########  ######  ######
     ##        ##  ##    ##  ##       ##     ## ##     ##       ## ##
     ##       #### ##     ## ######## ########  ##     ##  ######  ########

You're about to initialize a Firebase project in this directory:

  C:\Users\nikos\Documents\GitHub\testing01

Before we get started, keep in mind:

  * You are initializing within an existing Firebase project directory

[info] 
=== Project Setup
[info] 
[info] First, let's associate this project directory with a Firebase project.
[info] You can create multiple project aliases by running firebase use --add, 
[info] but for now we'll just set up a default project.
[info] 
[debug] [2023-01-23T12:04:17.870Z] Using project from CLI flag: firebasedeployandgithubactions
[debug] [2023-01-23T12:04:17.875Z] >>> [apiv2][query] GET https://firebase.googleapis.com/v1beta1/projects/firebasedeployandgithubactions [none]
[debug] [2023-01-23T12:04:18.438Z] <<< [apiv2][status] GET https://firebase.googleapis.com/v1beta1/projects/firebasedeployandgithubactions 200
[debug] [2023-01-23T12:04:18.438Z] <<< [apiv2][body] GET https://firebase.googleapis.com/v1beta1/projects/firebasedeployandgithubactions {"projectId":"firebasedeployandgithubactions","projectNumber":"57997956219","displayName":"GitHub Actions Deploy","name":"projects/firebasedeployandgithubactions","resources":{"hostingSite":"fir-deployandgithubactions"},"state":"ACTIVE","etag":"1_5c6b4972-9530-403d-9bbd-ddbd62fba354"}
[info] i  Using project firebasedeployandgithubactions (GitHub Actions Deploy) 
[info] 
=== Hosting:github Setup
[info] 
[info] i  Detected a .git folder at C:\Users\nikos\Documents\GitHub\testing01 
[info] i  Authorizing with GitHub to upload your service account to a GitHub repository's secrets store. 
[info] 
[info] Visit this URL on this device to log in:
[info] https://github.com/login/oauth/authorize?client_id=89cf50f02ac6aaed3484&state=955426758&redirect_uri=http%3A%2F%2Flocalhost%3A9005&scope=read%3Auser%20repo%20public_repo
[info] 
[info] Waiting for authentication...
[debug] [2023-01-23T12:04:19.860Z] >>> [apiv2][query] POST https://github.com/login/oauth/access_token [none]
[debug] [2023-01-23T12:04:19.860Z] >>> [apiv2][body] POST https://github.com/login/oauth/access_token [stream]
[debug] [2023-01-23T12:04:20.344Z] <<< [apiv2][status] POST https://github.com/login/oauth/access_token 200
[debug] [2023-01-23T12:04:20.345Z] <<< [apiv2][body] POST https://github.com/login/oauth/access_token {"access_token":"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","token_type":"bearer","scope":"read:user,repo"}
[debug] [2023-01-23T12:04:20.356Z] >>> [apiv2][query] GET https://api.github.com/user [none]
[debug] [2023-01-23T12:04:20.817Z] <<< [apiv2][status] GET https://api.github.com/user 200
[debug] [2023-01-23T12:04:20.817Z] <<< [apiv2][body] GET https://api.github.com/user {"login":"nikolaosnikolov","id":103443152,"node_id":"U_kgDOBipq0A","avatar_url":"https://avatars.githubusercontent.com/u/103443152?v=4","gravatar_id":"","url":"https://api.github.com/users/nikolaosnikolov","html_url":"https://github.com/nikolaosnikolov","followers_url":"https://api.github.com/users/nikolaosnikolov/followers","following_url":"https://api.github.com/users/nikolaosnikolov/following{/other_user}","gists_url":"https://api.github.com/users/nikolaosnikolov/gists{/gist_id}","starred_url":"https://api.github.com/users/nikolaosnikolov/starred{/owner}{/repo}","subscriptions_url":"https://api.github.com/users/nikolaosnikolov/subscriptions","organizations_url":"https://api.github.com/users/nikolaosnikolov/orgs","repos_url":"https://api.github.com/users/nikolaosnikolov/repos","events_url":"https://api.github.com/users/nikolaosnikolov/events{/privacy}","received_events_url":"https://api.github.com/users/nikolaosnikolov/received_events","type":"User","site_admin":false,"name":"Nikos Nikolov","company":null,"blog":"","location":null,"email":null,"hireable":null,"bio":null,"twitter_username":null,"public_repos":33,"public_gists":0,"followers":0,"following":0,"created_at":"2022-04-11T15:48:30Z","updated_at":"2023-01-23T10:42:27Z","private_gists":0,"total_private_repos":1,"owned_private_repos":1,"disk_usage":24432,"collaborators":0,"two_factor_authentication":false,"plan":{"name":"free","space":976562499,"collaborators":0,"private_repos":10000}}
[info] 
[info] +  Success! Logged into GitHub as nikolaosnikolov 
[info] 
[debug] [2023-01-23T19:11:01.749Z] ----------------------------------------------------------------------
[debug] [2023-01-23T19:11:01.762Z] Command:       C:\Program Files\nodejs\node.exe C:\Users\nikos\AppData\Roaming\npm\node_modules\firebase-tools\lib\bin\firebase.js init
[debug] [2023-01-23T19:11:01.764Z] CLI Version:   11.21.0
[debug] [2023-01-23T19:11:01.765Z] Platform:      win32
[debug] [2023-01-23T19:11:01.765Z] Node Version:  v19.0.0
[debug] [2023-01-23T19:11:01.765Z] Time:          Mon Jan 23 2023 21:11:01 GMT+0200 (Χειμερινή ώρα Ανατολικής Ευρώπης)
[debug] [2023-01-23T19:11:01.766Z] ----------------------------------------------------------------------
[debug] 
[debug] [2023-01-23T19:11:02.104Z] > command requires scopes: ["email","openid","https://www.googleapis.com/auth/cloudplatformprojects.readonly","https://www.googleapis.com/auth/firebase","https://www.googleapis.com/auth/cloud-platform"]
[debug] [2023-01-23T19:11:02.112Z] > authorizing via signed-in user (nikos.nikolov@mtel.gr)
[info] 
     ######## #### ########  ######## ########     ###     ######  ########
     ##        ##  ##     ## ##       ##     ##  ##   ##  ##       ##
     ######    ##  ########  ######   ########  #########  ######  ######
     ##        ##  ##    ##  ##       ##     ## ##     ##       ## ##
     ##       #### ##     ## ######## ########  ##     ##  ######  ########

You're about to initialize a Firebase project in this directory:

  C:\Users\nikos\Documents\GitHub\testing01

Before we get started, keep in mind:

  * You are initializing within an existing Firebase project directory

[info] 
=== Project Setup
[info] 
[info] First, let's associate this project directory with a Firebase project.
[info] You can create multiple project aliases by running firebase use --add, 
[info] but for now we'll just set up a default project.
[info] 
[debug] [2023-01-23T19:11:41.439Z] Using project from CLI flag: firebasedeployandgithubactions
[debug] [2023-01-23T19:11:41.445Z] > refreshing access token with scopes: []
[debug] [2023-01-23T19:11:41.452Z] >>> [apiv2][query] POST https://www.googleapis.com/oauth2/v3/token [none]
[debug] [2023-01-23T19:11:41.454Z] >>> [apiv2][body] POST https://www.googleapis.com/oauth2/v3/token [omitted]
[debug] [2023-01-23T19:11:42.254Z] <<< [apiv2][status] POST https://www.googleapis.com/oauth2/v3/token 200
[debug] [2023-01-23T19:11:42.255Z] <<< [apiv2][body] POST https://www.googleapis.com/oauth2/v3/token [omitted]
[debug] [2023-01-23T19:11:42.324Z] >>> [apiv2][query] GET https://firebase.googleapis.com/v1beta1/projects/firebasedeployandgithubactions [none]
[debug] [2023-01-23T19:11:42.793Z] <<< [apiv2][status] GET https://firebase.googleapis.com/v1beta1/projects/firebasedeployandgithubactions 200
[debug] [2023-01-23T19:11:42.794Z] <<< [apiv2][body] GET https://firebase.googleapis.com/v1beta1/projects/firebasedeployandgithubactions {"projectId":"firebasedeployandgithubactions","projectNumber":"57997956219","displayName":"GitHub Actions Deploy","name":"projects/firebasedeployandgithubactions","resources":{"hostingSite":"fir-deployandgithubactions"},"state":"ACTIVE","etag":"1_5c6b4972-9530-403d-9bbd-ddbd62fba354"}
[info] i  Using project firebasedeployandgithubactions (GitHub Actions Deploy) 
[info] 
=== Database Setup
[info] i  database: ensuring required API firebasedatabase.googleapis.com is enabled... 
[debug] [2023-01-23T19:11:42.834Z] >>> [apiv2][query] GET https://serviceusage.googleapis.com/v1/projects/firebasedeployandgithubactions/services/firebasedatabase.googleapis.com [none]
[debug] [2023-01-23T19:11:42.834Z] >>> [apiv2][(partial)header] GET https://serviceusage.googleapis.com/v1/projects/firebasedeployandgithubactions/services/firebasedatabase.googleapis.com x-goog-quota-user=projects/firebasedeployandgithubactions
[debug] [2023-01-23T19:11:44.041Z] <<< [apiv2][status] GET https://serviceusage.googleapis.com/v1/projects/firebasedeployandgithubactions/services/firebasedatabase.googleapis.com 200
[debug] [2023-01-23T19:11:44.041Z] <<< [apiv2][body] GET https://serviceusage.googleapis.com/v1/projects/firebasedeployandgithubactions/services/firebasedatabase.googleapis.com [omitted]
[warn] !  database: missing required API firebasedatabase.googleapis.com. Enabling now... 
[debug] [2023-01-23T19:11:44.070Z] >>> [apiv2][query] POST https://serviceusage.googleapis.com/v1/projects/firebasedeployandgithubactions/services/firebasedatabase.googleapis.com:enable [none]
[debug] [2023-01-23T19:11:44.070Z] >>> [apiv2][(partial)header] POST https://serviceusage.googleapis.com/v1/projects/firebasedeployandgithubactions/services/firebasedatabase.googleapis.com:enable x-goog-quota-user=projects/firebasedeployandgithubactions
[debug] [2023-01-23T19:11:45.534Z] <<< [apiv2][status] POST https://serviceusage.googleapis.com/v1/projects/firebasedeployandgithubactions/services/firebasedatabase.googleapis.com:enable 200
[debug] [2023-01-23T19:11:45.534Z] <<< [apiv2][body] POST https://serviceusage.googleapis.com/v1/projects/firebasedeployandgithubactions/services/firebasedatabase.googleapis.com:enable [omitted]
[debug] [2023-01-23T19:11:55.546Z] >>> [apiv2][query] GET https://serviceusage.googleapis.com/v1/projects/firebasedeployandgithubactions/services/firebasedatabase.googleapis.com [none]
[debug] [2023-01-23T19:11:55.549Z] >>> [apiv2][(partial)header] GET https://serviceusage.googleapis.com/v1/projects/firebasedeployandgithubactions/services/firebasedatabase.googleapis.com x-goog-quota-user=projects/firebasedeployandgithubactions
[debug] [2023-01-23T19:11:56.706Z] <<< [apiv2][status] GET https://serviceusage.googleapis.com/v1/projects/firebasedeployandgithubactions/services/firebasedatabase.googleapis.com 200
[debug] [2023-01-23T19:11:56.707Z] <<< [apiv2][body] GET https://serviceusage.googleapis.com/v1/projects/firebasedeployandgithubactions/services/firebasedatabase.googleapis.com [omitted]
[info] +  database: required API firebasedatabase.googleapis.com is enabled 
[info] 
[debug] [2023-01-23T19:11:56.713Z] >>> [apiv2][query] GET https://firebase.googleapis.com/v1beta1/projects/firebasedeployandgithubactions [none]
[debug] [2023-01-23T19:11:57.083Z] <<< [apiv2][status] GET https://firebase.googleapis.com/v1beta1/projects/firebasedeployandgithubactions 200
[debug] [2023-01-23T19:11:57.083Z] <<< [apiv2][body] GET https://firebase.googleapis.com/v1beta1/projects/firebasedeployandgithubactions {"projectId":"firebasedeployandgithubactions","projectNumber":"57997956219","displayName":"GitHub Actions Deploy","name":"projects/firebasedeployandgithubactions","resources":{"hostingSite":"fir-deployandgithubactions"},"state":"ACTIVE","etag":"1_5c6b4972-9530-403d-9bbd-ddbd62fba354"}
